\BOOKMARK [0][-]{chapter.1}{\376\377\004\022\004\113\004\077\004\076\004\073\004\075\004\065\004\075\004\070\004\065\000\040\004\073\004\060\004\061\004\076\004\100\004\060\004\102\004\076\004\100\004\075\004\076\004\071\000\040\004\100\004\060\004\061\004\076\004\102\004\113}{}% 1
\BOOKMARK [1][-]{section.1.1}{\376\377\004\037\004\100\004\076\004\063\004\100\004\060\004\074\004\074\004\060\000\040\000P\000C\000L\000A\000B}{chapter.1}% 2
\BOOKMARK [1][-]{section.1.2}{\376\377\004\045\004\060\004\100\004\060\004\072\004\102\004\065\004\100\004\070\004\101\004\102\004\070\004\072\004\070\000\040\004\077\004\100\004\076\004\106\004\065\004\101\004\101\004\076\004\100\004\060}{chapter.1}% 3
\BOOKMARK [0][-]{chapter.2}{\376\377\004\055\004\072\004\101\004\077\004\065\004\100\004\070\004\074\004\065\004\075\004\102\004\113}{}% 4
\BOOKMARK [1][-]{section.2.1}{\376\377\004\030\004\101\004\101\004\073\004\065\004\064\004\076\004\062\004\060\004\075\004\070\004\117\000\040\004\100\004\060\004\101\004\101\004\073\004\076\004\065\004\075\004\070\004\117\000\040\004\064\004\070\004\075\004\060\004\074\004\070\004\107\004\065\004\101\004\072\004\076\004\071\000\040\004\077\004\060\004\074\004\117\004\102\004\070}{chapter.2}% 5
\BOOKMARK [2][-]{subsection.2.1.1}{\376\377\004\030\004\101\004\105\004\076\004\064\004\075\004\113\004\065\000\040\004\064\004\060\004\075\004\075\004\113\004\065}{section.2.1}% 6
\BOOKMARK [2][-]{subsection.2.1.2}{\376\377\004\040\004\065\004\067\004\103\004\073\004\114\004\102\004\060\004\102\004\113\000\040\004\115\004\072\004\101\004\077\004\065\004\100\004\070\004\074\004\065\004\075\004\102\004\060}{section.2.1}% 7
\BOOKMARK [2][-]{subsection.2.1.3}{\376\377\004\036\004\077\004\070\004\101\004\060\004\075\004\070\004\065\000\040\004\077\004\100\004\076\004\061\004\073\004\065\004\074\004\113}{section.2.1}% 8
\BOOKMARK [2][-]{subsection.2.1.4}{\376\377\004\041\004\103\004\102\004\114\000\040\004\115\004\072\004\101\004\077\004\065\004\100\004\070\004\074\004\065\004\075\004\102\004\060}{section.2.1}% 9
\BOOKMARK [2][-]{subsection.2.1.5}{\376\377\004\037\004\100\004\076\004\062\004\065\004\064\004\065\004\075\004\070\004\065\000\040\004\115\004\072\004\101\004\077\004\065\004\100\004\070\004\074\004\065\004\075\004\102\004\060}{section.2.1}% 10
\BOOKMARK [2][-]{subsection.2.1.6}{\376\377\004\022\004\113\004\062\004\076\004\064}{section.2.1}% 11
\BOOKMARK [1][-]{section.2.2}{\376\377\004\041\004\100\004\060\004\062\004\075\004\065\004\075\004\070\004\065\000\040\004\115\004\104\004\104\004\065\004\072\004\102\004\070\004\062\004\075\004\076\004\101\004\102\004\070\000\040\004\101\004\101\004\113\004\073\004\076\004\107\004\075\004\113\004\105\000\040\004\070\000\040\004\062\004\065\004\072\004\102\004\076\004\100\004\075\004\113\004\105\000\040\004\101\004\102\004\100\004\103\004\072\004\102\004\103\004\100}{chapter.2}% 12
\BOOKMARK [2][-]{subsection.2.2.1}{\376\377\004\040\004\065\004\067\004\103\004\073\004\114\004\102\004\060\004\102\004\113\000\040\004\115\004\072\004\101\004\077\004\065\004\100\004\070\004\074\004\065\004\075\004\102\004\060}{section.2.2}% 13
\BOOKMARK [2][-]{subsection.2.2.2}{\376\377\004\036\004\077\004\070\004\101\004\060\004\075\004\070\004\065\000\040\004\077\004\100\004\076\004\061\004\073\004\065\004\074\004\113}{section.2.2}% 14
\BOOKMARK [2][-]{subsection.2.2.3}{\376\377\004\041\004\103\004\102\004\114\000\040\004\115\004\072\004\101\004\077\004\065\004\100\004\070\004\074\004\065\004\075\004\102\004\060}{section.2.2}% 15
\BOOKMARK [2][-]{subsection.2.2.4}{\376\377\004\037\004\100\004\076\004\062\004\065\004\064\004\065\004\075\004\070\004\065\000\040\004\115\004\072\004\101\004\077\004\065\004\100\004\070\004\074\004\065\004\075\004\102\004\060}{section.2.2}% 16
\BOOKMARK [2][-]{subsection.2.2.5}{\376\377\004\022\004\113\004\062\004\076\004\064}{section.2.2}% 17
\BOOKMARK [1][-]{section.2.3}{\376\377\004\030\004\101\004\101\004\073\004\065\004\064\004\076\004\062\004\060\004\075\004\070\004\065\000\040\004\115\004\104\004\104\004\065\004\072\004\102\004\070\004\062\004\075\004\076\004\101\004\102\004\070\000\040\004\077\004\100\004\076\004\063\004\100\004\060\004\074\004\074\004\075\004\076\004\071\000\040\004\077\004\100\004\065\004\064\004\062\004\113\004\061\004\076\004\100\004\072\004\070}{chapter.2}% 18
\BOOKMARK [2][-]{subsection.2.3.1}{\376\377\004\030\004\101\004\105\004\076\004\064\004\075\004\113\004\065\000\040\004\064\004\060\004\075\004\075\004\113\004\065}{section.2.3}% 19
\BOOKMARK [2][-]{subsection.2.3.2}{\376\377\004\040\004\065\004\067\004\103\004\073\004\114\004\102\004\060\004\102\004\113\000\040\004\115\004\072\004\101\004\077\004\065\004\100\004\070\004\074\004\065\004\075\004\102\004\060}{section.2.3}% 20
\BOOKMARK [2][-]{subsection.2.3.3}{\376\377\004\036\004\077\004\070\004\101\004\060\004\075\004\070\004\065\000\040\004\077\004\100\004\076\004\061\004\073\004\065\004\074\004\113}{section.2.3}% 21
\BOOKMARK [2][-]{subsection.2.3.4}{\376\377\004\041\004\103\004\102\004\114\000\040\004\115\004\072\004\101\004\077\004\065\004\100\004\070\004\074\004\065\004\075\004\102\004\060}{section.2.3}% 22
\BOOKMARK [2][-]{subsection.2.3.5}{\376\377\004\037\004\100\004\076\004\062\004\065\004\064\004\065\004\075\004\070\004\065\000\040\004\115\004\072\004\101\004\077\004\065\004\100\004\070\004\074\004\065\004\075\004\102\004\060}{section.2.3}% 23
\BOOKMARK [2][-]{subsection.2.3.6}{\376\377\004\022\004\113\004\062\004\076\004\064}{section.2.3}% 24
\BOOKMARK [1][-]{section.2.4}{\376\377\004\030\004\101\004\101\004\073\004\065\004\064\004\076\004\062\004\060\004\075\004\070\004\065\000\040\004\101\004\077\004\076\004\101\004\076\004\061\004\076\004\062\000\040\004\115\004\104\004\104\004\065\004\072\004\102\004\070\004\062\004\075\004\076\004\063\004\076\000\040\004\107\004\102\004\065\004\075\004\070\004\117\000\040\004\076\004\077\004\065\004\100\004\060\004\102\004\070\004\062\004\075\004\076\004\071\000\040\004\077\004\060\004\074\004\117\004\102\004\070}{chapter.2}% 25
\BOOKMARK [2][-]{subsection.2.4.1}{\376\377\004\030\004\101\004\105\004\076\004\064\004\075\004\113\004\065\000\040\004\064\004\060\004\075\004\075\004\113\004\065}{section.2.4}% 26
\BOOKMARK [2][-]{subsection.2.4.2}{\376\377\004\040\004\065\004\067\004\103\004\073\004\114\004\102\004\060\004\102\004\113\000\040\004\115\004\072\004\101\004\077\004\065\004\100\004\070\004\074\004\065\004\075\004\102\004\060}{section.2.4}% 27
\BOOKMARK [2][-]{subsection.2.4.3}{\376\377\004\036\004\077\004\070\004\101\004\060\004\075\004\070\004\065\000\040\004\077\004\100\004\076\004\061\004\073\004\065\004\074\004\113}{section.2.4}% 28
\BOOKMARK [2][-]{subsection.2.4.4}{\376\377\004\041\004\103\004\102\004\114\000\040\004\115\004\072\004\101\004\077\004\065\004\100\004\070\004\074\004\065\004\075\004\102\004\060}{section.2.4}% 29
\BOOKMARK [2][-]{subsection.2.4.5}{\376\377\004\037\004\100\004\076\004\062\004\065\004\064\004\065\004\075\004\070\004\065\000\040\004\115\004\072\004\101\004\077\004\065\004\100\004\070\004\074\004\065\004\075\004\102\004\060}{section.2.4}% 30
\BOOKMARK [2][-]{subsection.2.4.6}{\376\377\004\022\004\113\004\062\004\076\004\064}{section.2.4}% 31
\BOOKMARK [1][-]{section.2.5}{\376\377\004\030\004\101\004\101\004\073\004\065\004\064\004\076\004\062\004\060\004\075\004\070\004\065\000\040\004\072\004\076\004\075\004\104\004\073\004\070\004\072\004\102\004\076\004\062\000\040\004\062\000\040\004\072\004\115\004\110\000-\004\077\004\060\004\074\004\117\004\102\004\070}{chapter.2}% 32
\BOOKMARK [2][-]{subsection.2.5.1}{\376\377\004\030\004\101\004\105\004\076\004\064\004\075\004\113\004\065\000\040\004\064\004\060\004\075\004\075\004\113\004\065}{section.2.5}% 33
\BOOKMARK [2][-]{subsection.2.5.2}{\376\377\004\040\004\065\004\067\004\103\004\073\004\114\004\102\004\060\004\102\004\113\000\040\004\115\004\072\004\101\004\077\004\065\004\100\004\070\004\074\004\065\004\075\004\102\004\060}{section.2.5}% 34
\BOOKMARK [2][-]{subsection.2.5.3}{\376\377\004\036\004\077\004\070\004\101\004\060\004\075\004\070\004\065\000\040\004\077\004\100\004\076\004\061\004\073\004\065\004\074\004\113}{section.2.5}% 35
\BOOKMARK [2][-]{subsection.2.5.4}{\376\377\004\041\004\103\004\102\004\114\000\040\004\115\004\072\004\101\004\077\004\065\004\100\004\070\004\074\004\065\004\075\004\102\004\060}{section.2.5}% 36
\BOOKMARK [2][-]{subsection.2.5.5}{\376\377\004\037\004\100\004\076\004\062\004\065\004\064\004\065\004\075\004\070\004\065\000\040\004\115\004\072\004\101\004\077\004\065\004\100\004\070\004\074\004\065\004\075\004\102\004\060}{section.2.5}% 37
\BOOKMARK [2][-]{subsection.2.5.6}{\376\377\004\022\004\113\004\062\004\076\004\064}{section.2.5}% 38
\BOOKMARK [1][-]{section.2.6}{\376\377\004\041\004\100\004\060\004\062\004\075\004\065\004\075\004\070\004\065\000\040\004\060\004\073\004\063\004\076\004\100\004\070\004\102\004\074\004\076\004\062\000\040\004\101\004\076\004\100\004\102\004\070\004\100\004\076\004\062\004\072\004\070}{chapter.2}% 39
\BOOKMARK [2][-]{subsection.2.6.1}{\376\377\004\030\004\101\004\105\004\076\004\064\004\075\004\113\004\065\000\040\004\064\004\060\004\075\004\075\004\113\004\065}{section.2.6}% 40
\BOOKMARK [2][-]{subsection.2.6.2}{\376\377\004\040\004\065\004\067\004\103\004\073\004\114\004\102\004\060\004\102\004\113\000\040\004\115\004\072\004\101\004\077\004\065\004\100\004\070\004\074\004\065\004\075\004\102\004\060}{section.2.6}% 41
\BOOKMARK [2][-]{subsection.2.6.3}{\376\377\004\036\004\077\004\070\004\101\004\060\004\075\004\070\004\065\000\040\004\077\004\100\004\076\004\061\004\073\004\065\004\074\004\113}{section.2.6}% 42
\BOOKMARK [2][-]{subsection.2.6.4}{\376\377\004\041\004\103\004\102\004\114\000\040\004\115\004\072\004\101\004\077\004\065\004\100\004\070\004\074\004\065\004\075\004\102\004\060}{section.2.6}% 43
\BOOKMARK [2][-]{subsection.2.6.5}{\376\377\004\037\004\100\004\076\004\062\004\065\004\064\004\065\004\075\004\070\004\065\000\040\004\115\004\072\004\101\004\077\004\065\004\100\004\070\004\074\004\065\004\075\004\102\004\060}{section.2.6}% 44
\BOOKMARK [2][-]{subsection.2.6.6}{\376\377\004\022\004\113\004\062\004\076\004\064}{section.2.6}% 45
\BOOKMARK [0][-]{chapter*.17}{\376\377\004\027\004\060\004\072\004\073\004\116\004\107\004\065\004\075\004\070\004\065}{}% 46
